<?xml version="1.0" encoding="UTF-8"?>
<testng-results ignored="0" total="3" passed="3" failed="0" skipped="0">
  <reporter-output>
    <line>
      <![CDATA[TC01 running]]>
    </line>
    <line>
      <![CDATA[Tc3 Running]]>
    </line>
    <line>
      <![CDATA[Tc2 Running]]>
    </line>
  </reporter-output>
  <suite started-at="2023-01-06T11:49:39 IST" name="Suite" finished-at="2023-01-06T11:49:39 IST" duration-ms="283">
    <groups>
    </groups>
    <test started-at="2023-01-06T11:49:39 IST" name="Test" finished-at="2023-01-06T11:49:39 IST" duration-ms="283">
      <class name="testcases.TC01">
        <test-method signature="m1()[pri:0, instance:testcases.TC01@49c7b90e]" started-at="2023-01-06T11:49:39 IST" name="m1" finished-at="2023-01-06T11:49:39 IST" duration-ms="8" status="PASS">
          <reporter-output>
            <line>
              <![CDATA[TC01 running]]>
            </line>
          </reporter-output>
        </test-method> <!-- m1 -->
      </class> <!-- testcases.TC01 -->
      <class name="testcases.TC03">
        <test-method signature="m1()[pri:0, instance:testcases.TC03@4d465b11]" started-at="2023-01-06T11:49:39 IST" name="m1" finished-at="2023-01-06T11:49:39 IST" duration-ms="3" status="PASS">
          <reporter-output>
            <line>
              <![CDATA[Tc3 Running]]>
            </line>
          </reporter-output>
        </test-method> <!-- m1 -->
      </class> <!-- testcases.TC03 -->
      <class name="testcases.TC02">
        <test-method signature="m2()[pri:0, instance:testcases.TC02@53fdffa1]" started-at="2023-01-06T11:49:39 IST" name="m2" finished-at="2023-01-06T11:49:39 IST" duration-ms="1" status="PASS">
          <reporter-output>
            <line>
              <![CDATA[Tc2 Running]]>
            </line>
          </reporter-output>
        </test-method> <!-- m2 -->
      </class> <!-- testcases.TC02 -->
    </test> <!-- Test -->
  </suite> <!-- Suite -->
</testng-results>
